DUPTABLE: count: 5
-id(u:0,g:0) sz:0 m:777 <none> (5/32)
    0) 0
    1) 5
    2) a
    3) f
    4) 14
-id(u:0,g:0) sz:1 m:777 <none> (5/32)
    0) 1
    1) 6
    2) b
    3) 10
    4) 15
-id(u:0,g:0) sz:2 m:777 <none> (5/32)
    0) 2
    1) 7
    2) c
    3) 11
    4) 16
-id(u:0,g:0) sz:3 m:777 <none> (5/32)
    0) 3
    1) 8
    2) d
    3) 12
    4) 17
-id(u:0,g:0) sz:4 m:777 <none> (5/32)
    0) 4
    1) 9
    2) e
    3) 13
    4) 18
DUPTABLE: count: 5
-id(u:0,g:0) sz:100 m:777 3030303030303030 (5/32)
    0) 0
    1) 1
    2) 2
    3) 3
    4) 4
-id(u:0,g:0) sz:100 m:777 3030303030303031 (5/32)
    0) 5
    1) 6
    2) 7
    3) 8
    4) 9
-id(u:0,g:0) sz:100 m:777 3030303030303032 (5/32)
    0) a
    1) b
    2) c
    3) d
    4) e
-id(u:0,g:0) sz:100 m:777 3030303030303033 (5/32)
    0) f
    1) 10
    2) 11
    3) 12
    4) 13
-id(u:0,g:0) sz:100 m:777 3030303030303034 (5/32)
    0) 14
    1) 15
    2) 16
    3) 17
    4) 18
