1 1
2 2
4 4
8 8
16 16
32 32
64 64
128 128
256 256
512 512
1024 1K
2048 2K
4096 4K
8192 8K
16384 16K
32768 32K
65536 64K
131072 128K
262144 256K
524288 512K
1048576 1M
2097152 2M
4194304 4M
8388608 8M
16777216 16M
33554432 32M
67108864 64M
134217728 128M
268435456 256M
536870912 512M
1073741824 1G
2147483648 2G
4294967296 4G
8589934592 8G
17179869184 16G
34359738368 32G
68719476736 64G
137438953472 128G
274877906944 256G
549755813888 512G
1099511627776 1T
2199023255552 2T
4398046511104 4T
8796093022208 8T
17592186044416 16T
35184372088832 32T
70368744177664 64T
140737488355328 128T
281474976710656 256T
562949953421312 512T
1125899906842624 1P
2251799813685248 2P
4503599627370496 4P
9007199254740992 8P
18014398509481984 16P
36028797018963968 32P
72057594037927936 64P
144115188075855872 128P
288230376151711744 256P
11 11
22 22
44 44
88 88
176 176
352 352
704 704
1408 1K
2816 3K
5632 6K
11264 11K
22528 22K
45056 44K
90112 88K
180224 176K
360448 352K
720896 704K
1441792 1M
2883584 3M
5767168 6M
11534336 11M
23068672 22M
46137344 44M
92274688 88M
184549376 176M
369098752 352M
738197504 704M
1476395008 1G
2952790016 3G
5905580032 6G
11811160064 11G
23622320128 22G
47244640256 44G
94489280512 88G
188978561024 176G
377957122048 352G
755914244096 704G
1511828488192 1T
3023656976384 3T
6047313952768 6T
12094627905536 11T
24189255811072 22T
48378511622144 44T
96757023244288 88T
193514046488576 176T
387028092977152 352T
774056185954304 704T
1548112371908608 1P
3096224743817216 3P
6192449487634432 6P
12384898975268864 11P
24769797950537728 22P
49539595901075456 44P
99079191802150912 88P
198158383604301824 176P
396316767208603648 352P
792633534417207296 704P
1585267068834414592 1E
3170534137668829184 3E
11 11.0K
22 22.0K
44 44.0K
88 88.0K
176 176.0K
352 352.0K
704 704.0K
1408 1.4M
2816 2.8M
5632 5.5M
11264 11.0M
22528 22.0M
45056 44.0M
90112 88.0M
180224 176.0M
360448 352.0M
720896 704.0M
1441792 1.4G
2883584 2.8G
5767168 5.5G
11534336 11.0G
23068672 22.0G
46137344 44.0G
92274688 88.0G
184549376 176.0G
369098752 352.0G
738197504 704.0G
1476395008 1.4T
2952790016 2.8T
5905580032 5.5T
11811160064 11.0T
23622320128 22.0T
47244640256 44.0T
94489280512 88.0T
188978561024 176.0T
377957122048 352.0T
755914244096 704.0T
1511828488192 1.4P
3023656976384 2.8P
6047313952768 5.5P
12094627905536 11.0P
24189255811072 22.0P
48378511622144 44.0P
96757023244288 88.0P
193514046488576 176.0P
387028092977152 352.0P
774056185954304 704.0P
1548112371908608 1.4E
3096224743817216 2.8E
